[2018-10-29 16:03:01] main.DEBUG: cache_invalidate:  {"method":"GET","url":"http:/","invalidateInfo":{"tags":["interception","CONFIG"],"mode":"matchingTag"}} []
[2018-10-29 16:03:07] main.DEBUG: cache_invalidate:  {"method":"GET","url":"http://power.sk-its.ru/","invalidateInfo":{"tags":["interception","CONFIG"],"mode":"matchingTag"}} []
[2018-10-29 16:05:48] main.DEBUG: cache_invalidate:  {"method":"GET","url":"http://power.sk-its.ru/","invalidateInfo":{"tags":["interception","CONFIG"],"mode":"matchingTag"}} []
[2018-10-29 16:43:25] main.DEBUG: cache_invalidate:  {"method":"GET","url":"http://power.sk-its.ru/","invalidateInfo":{"tags":["interception","CONFIG"],"mode":"matchingTag"}} []
[2018-10-30 09:00:53] main.DEBUG: cache_invalidate:  {"method":"GET","url":"http://power.sk-its.ru/","invalidateInfo":{"tags":["interception","CONFIG"],"mode":"matchingTag"}} []
[2018-10-30 09:05:53] main.DEBUG: cache_invalidate:  {"method":"GET","url":"http://power.sk-its.ru/","invalidateInfo":{"tags":["interception","CONFIG"],"mode":"matchingTag"}} []
[2018-10-30 09:07:15] main.DEBUG: cache_invalidate:  {"method":"GET","url":"http:/","invalidateInfo":{"tags":["interception","CONFIG"],"mode":"matchingTag"}} []
[2018-10-30 09:07:20] main.DEBUG: cache_invalidate:  {"method":"GET","url":"http://power.sk-its.ru/","invalidateInfo":{"tags":["interception","CONFIG"],"mode":"matchingTag"}} []
[2018-10-30 09:11:49] main.DEBUG: cache_invalidate:  {"method":"GET","url":"http://power.sk-its.ru/","invalidateInfo":{"tags":["interception","CONFIG"],"mode":"matchingTag"}} []
[2018-10-30 09:27:11] main.DEBUG: cache_invalidate:  {"method":"GET","url":"http://power.sk-its.ru/","invalidateInfo":{"tags":["interception","CONFIG"],"mode":"matchingTag"}} []
[2018-10-30 12:27:50] main.DEBUG: cache_invalidate:  {"method":"GET","url":"http:/","invalidateInfo":{"tags":["interception","CONFIG"],"mode":"matchingTag"}} []
[2018-10-30 12:30:51] main.DEBUG: cache_invalidate:  {"method":"GET","url":"http:/","invalidateInfo":{"tags":["interception","CONFIG"],"mode":"matchingTag"}} []
[2018-10-30 12:36:41] main.DEBUG: cache_invalidate:  {"method":"GET","url":"http:/","invalidateInfo":{"tags":["interception","CONFIG"],"mode":"matchingTag"}} []
[2018-10-30 12:36:48] main.DEBUG: cache_invalidate:  {"method":"GET","url":"http://power.sk-its.ru/","invalidateInfo":{"tags":["interception","CONFIG"],"mode":"matchingTag"}} []
[2018-10-30 12:37:22] main.DEBUG: cache_invalidate:  {"method":"GET","url":"http:/","invalidateInfo":{"tags":["interception","CONFIG"],"mode":"matchingTag"}} []
[2018-10-30 12:38:33] main.DEBUG: cache_invalidate:  {"method":"GET","url":"http:/","invalidateInfo":{"tags":["interception","CONFIG"],"mode":"matchingTag"}} []
[2018-10-30 12:38:50] main.DEBUG: cache_invalidate:  {"method":"GET","url":"http://power.sk-its.ru/","invalidateInfo":{"tags":["interception","CONFIG"],"mode":"matchingTag"}} []
[2018-10-30 12:40:04] main.DEBUG: cache_invalidate:  {"method":"GET","url":"http://power.sk-its.ru/","invalidateInfo":{"tags":["interception","CONFIG"],"mode":"matchingTag"}} []
[2018-10-30 12:56:11] main.DEBUG: cache_invalidate:  {"method":"GET","url":"http://power.sk-its.ru/admin","invalidateInfo":{"tags":["interception","CONFIG"],"mode":"matchingTag"}} []
[2018-10-31 07:21:34] main.DEBUG: cache_invalidate:  {"method":"GET","url":"http://power.sk-its.ru/","invalidateInfo":{"tags":["interception","CONFIG"],"mode":"matchingTag"}} []
[2018-11-01 11:18:28] main.DEBUG: cache_invalidate:  {"method":"POST","url":"http://power.sk-its.ru/admin/admin/index/index/key/596f6f89a3b5e4cf58930a27cc4a17e2d1a58eec9d4b34f7254bc1576c3c0d6d/","invalidateInfo":{"tags":["interception","CONFIG"],"mode":"matchingTag"}} []
[2018-11-01 11:18:50] main.DEBUG: cache_invalidate:  {"method":"GET","url":"http://power.sk-its.ru/admin/admin/index/index/key/596f6f89a3b5e4cf58930a27cc4a17e2d1a58eec9d4b34f7254bc1576c3c0d6d/","invalidateInfo":{"tags":["interception","CONFIG"],"mode":"matchingTag"}} []
[2018-11-01 11:20:01] main.DEBUG: cache_invalidate:  {"method":"GET","url":"http://power.sk-its.ru/","invalidateInfo":{"tags":["interception","CONFIG"],"mode":"matchingTag"}} []
[2018-11-01 14:45:51] main.DEBUG: cache_invalidate:  {"method":"GET","url":"http://power.sk-its.ru/search/+power+over+ethernet","invalidateInfo":{"tags":["interception","CONFIG"],"mode":"matchingTag"}} []
[2018-11-02 07:31:29] main.DEBUG: cache_invalidate:  {"method":"GET","url":"http://power.sk-its.ru/bower_components/sass-bootstrap/fonts/glyphicons-halflings-regular.woff","invalidateInfo":{"tags":["interception","CONFIG"],"mode":"matchingTag"}} []
[2018-11-02 07:31:37] main.DEBUG: cache_invalidate:  {"method":"GET","url":"http://power.sk-its.ru/products/ac-dc-power-supplies/1u-front-end-1.html","invalidateInfo":{"tags":["interception","CONFIG"],"mode":"matchingTag"}} []
[2018-11-02 07:34:17] main.DEBUG: cache_invalidate:  {"method":"GET","url":"http://power.sk-its.ru/products/ac-dc-power-supplies/1u-front-end-1.html","invalidateInfo":{"tags":["interception","CONFIG"],"mode":"matchingTag"}} []
[2018-11-05 18:29:11] main.DEBUG: cache_invalidate:  {"method":"GET","url":"http://murata1.sk-its.ru/","invalidateInfo":{"tags":["interception","CONFIG"],"mode":"matchingTag"}} []
[2018-11-05 20:33:03] main.DEBUG: cache_invalidate:  {"method":"GET","url":"http://power.sk-its.ru/","invalidateInfo":{"tags":["interception","CONFIG"],"mode":"matchingTag"}} []
[2018-11-05 20:36:03] main.DEBUG: cache_invalidate:  {"method":"GET","url":"http://power.sk-its.ru/products/ac-dc-power-supplies/1u-front-end-1.html","invalidateInfo":{"tags":["interception","CONFIG"],"mode":"matchingTag"}} []
[2018-11-06 11:23:40] main.DEBUG: cache_invalidate:  {"method":"GET","url":"http://power.sk-its.ru/","invalidateInfo":{"tags":["interception","CONFIG"],"mode":"matchingTag"}} []
[2018-11-07 08:25:30] main.DEBUG: cache_invalidate:  {"method":"GET","url":"http://power.sk-its.ru/","invalidateInfo":{"tags":["interception","CONFIG"],"mode":"matchingTag"}} []
[2018-11-07 08:35:21] main.DEBUG: cache_invalidate:  {"method":"GET","url":"http://power.sk-its.ru/products/ac-dc-power-supplies/1u-front-end-1.html","invalidateInfo":{"tags":["interception","CONFIG"],"mode":"matchingTag"}} []
[2018-11-08 07:43:39] main.DEBUG: cache_invalidate:  {"method":"GET","url":"http:/","invalidateInfo":{"tags":["interception","CONFIG"],"mode":"matchingTag"}} []
[2018-11-08 07:43:56] main.DEBUG: cache_invalidate:  {"method":"GET","url":"http://power.sk-its.ru/","invalidateInfo":{"tags":["interception","CONFIG"],"mode":"matchingTag"}} []
[2018-11-08 12:34:38] main.DEBUG: cache_invalidate:  {"method":"GET","url":"http://power.sk-its.ru/products/ac-dc-power-supplies.html","invalidateInfo":{"tags":["interception","CONFIG"],"mode":"matchingTag"}} []
[2018-11-08 12:39:23] main.DEBUG: cache_invalidate:  {"method":"GET","url":"http://power.sk-its.ru/products/ac-dc-power-supplies.html","invalidateInfo":{"tags":["interception","CONFIG"],"mode":"matchingTag"}} []
[2018-11-08 12:46:10] main.DEBUG: cache_invalidate:  {"method":"GET","url":"http://power.sk-its.ru/products/ac-dc-power-supplies.html","invalidateInfo":{"tags":["interception","CONFIG"],"mode":"matchingTag"}} []
[2018-11-08 15:38:12] main.DEBUG: cache_invalidate:  {"method":"GET","url":"http:/","invalidateInfo":{"tags":["interception","CONFIG"],"mode":"matchingTag"}} []
[2018-11-08 15:40:24] main.DEBUG: cache_invalidate:  {"method":"GET","url":"http:/","invalidateInfo":{"tags":["interception","CONFIG"],"mode":"matchingTag"}} []
[2018-11-08 15:40:31] main.DEBUG: cache_invalidate:  {"method":"GET","url":"http://power.sk-its.ru/admin","invalidateInfo":{"tags":["interception","CONFIG"],"mode":"matchingTag"}} []
[2018-11-08 16:22:17] main.DEBUG: cache_invalidate:  {"method":"GET","url":"http://power.sk-its.ru/","invalidateInfo":{"tags":["interception","CONFIG"],"mode":"matchingTag"}} []
[2018-11-10 23:12:55] main.DEBUG: cache_invalidate:  {"method":"GET","url":"http:/","invalidateInfo":{"tags":["interception","CONFIG"],"mode":"matchingTag"}} []
[2018-11-10 23:14:55] main.DEBUG: cache_invalidate:  {"method":"GET","url":"http://power.sk-its.ru/","invalidateInfo":{"tags":["interception","CONFIG"],"mode":"matchingTag"}} []
[2018-11-10 23:16:45] main.DEBUG: cache_invalidate:  {"method":"GET","url":"http://power.sk-its.ru/","invalidateInfo":{"tags":["interception","CONFIG"],"mode":"matchingTag"}} []
[2018-11-10 23:23:17] main.DEBUG: cache_invalidate:  {"method":"GET","url":"http:/","invalidateInfo":{"tags":["interception","CONFIG"],"mode":"matchingTag"}} []
[2018-11-10 23:23:58] main.DEBUG: cache_invalidate:  {"method":"GET","url":"http://power.sk-its.ru/","invalidateInfo":{"tags":["interception","CONFIG"],"mode":"matchingTag"}} []
[2018-11-11 09:03:27] main.DEBUG: cache_invalidate:  {"method":"GET","url":"http:/","invalidateInfo":{"tags":["interception","CONFIG"],"mode":"matchingTag"}} []
[2018-11-11 09:04:27] main.DEBUG: cache_invalidate:  {"method":"GET","url":"http://wireless.sk-its.ru/","invalidateInfo":{"tags":["interception","CONFIG"],"mode":"matchingTag"}} []
[2018-11-11 09:06:16] main.DEBUG: cache_invalidate:  {"method":"GET","url":"http://wireless.sk-its.ru/","invalidateInfo":{"tags":["interception","CONFIG"],"mode":"matchingTag"}} []
[2018-11-11 14:42:50] main.DEBUG: cache_invalidate:  {"method":"GET","url":"http://power.sk-its.ru/","invalidateInfo":{"tags":["interception","CONFIG"],"mode":"matchingTag"}} []
[2018-11-11 14:46:06] main.DEBUG: cache_invalidate:  {"method":"GET","url":"http://power.sk-its.ru/products/ac-dc-power-supplies.html","invalidateInfo":{"tags":["interception","CONFIG"],"mode":"matchingTag"}} []
[2018-11-12 06:12:56] main.DEBUG: cache_invalidate:  {"method":"GET","url":"http://power.sk-its.ru/","invalidateInfo":{"tags":["interception","CONFIG"],"mode":"matchingTag"}} []
[2018-11-12 06:18:20] main.DEBUG: cache_invalidate:  {"method":"GET","url":"http://power.sk-its.ru/products/ac-dc-power-supplies.html","invalidateInfo":{"tags":["interception","CONFIG"],"mode":"matchingTag"}} []
[2018-11-12 06:19:09] main.DEBUG: cache_invalidate:  {"method":"GET","url":"http://power.sk-its.ru/products/ac-dc-power-supplies.html","invalidateInfo":{"tags":["interception","CONFIG"],"mode":"matchingTag"}} []
[2018-11-12 06:23:31] main.DEBUG: cache_invalidate:  {"method":"GET","url":"http://power.sk-its.ru/","invalidateInfo":{"tags":["interception","CONFIG"],"mode":"matchingTag"}} []
[2018-11-12 06:26:46] main.DEBUG: cache_invalidate:  {"method":"GET","url":"http://power.sk-its.ru/admin/mui/index/render/key/79bff0a8f0bb9139feec0a3acb30d5eafe17b38167e899681fc60e5ddcbdf404/?namespace=notification_area&sorting%5Bfield%5D=created_at&sorting%5Bdirection%5D=asc&isAjax=true","invalidateInfo":{"tags":["interception","CONFIG"],"mode":"matchingTag"}} []
[2018-11-12 06:26:46] main.DEBUG: cache_invalidate:  {"method":"GET","url":"http://power.sk-its.ru/admin/mui/index/render/key/79bff0a8f0bb9139feec0a3acb30d5eafe17b38167e899681fc60e5ddcbdf404/?namespace=cms_block_listing&search=&filters%5Bplaceholder%5D=true&filters%5Bidentifier%5D=cat_acdc&paging%5BpageSize%5D=200&paging%5Bcurrent%5D=1&sorting%5Bfield%5D=block_id&sorting%5Bdirection%5D=asc&isAjax=true","invalidateInfo":{"tags":["interception","CONFIG"],"mode":"matchingTag"}} []
[2018-11-12 06:29:36] main.DEBUG: cache_invalidate:  {"method":"GET","url":"http://power.sk-its.ru/admin/mui/index/render/key/79bff0a8f0bb9139feec0a3acb30d5eafe17b38167e899681fc60e5ddcbdf404/?namespace=cms_block_listing&search=&filters%5Bplaceholder%5D=true&filters%5Bidentifier%5D=mps_product_links_right&paging%5BpageSize%5D=200&paging%5Bcurrent%5D=1&sorting%5Bfield%5D=block_id&sorting%5Bdirection%5D=asc&isAjax=true","invalidateInfo":{"tags":["interception","CONFIG"],"mode":"matchingTag"}} []
[2018-11-12 06:29:36] main.DEBUG: cache_invalidate:  {"method":"GET","url":"http://power.sk-its.ru/admin/mui/index/render/key/79bff0a8f0bb9139feec0a3acb30d5eafe17b38167e899681fc60e5ddcbdf404/?namespace=notification_area&sorting%5Bfield%5D=created_at&sorting%5Bdirection%5D=asc&isAjax=true","invalidateInfo":{"tags":["interception","CONFIG"],"mode":"matchingTag"}} []
[2018-11-12 06:30:12] main.DEBUG: cache_invalidate:  {"method":"GET","url":"http://power.sk-its.ru/products/ac-dc-power-supplies.html","invalidateInfo":{"tags":["interception","CONFIG"],"mode":"matchingTag"}} []
[2018-11-12 10:38:30] main.DEBUG: cache_invalidate:  {"method":"GET","url":"http://murata-ps.sk-its.ru//d1u-w-2000-48-hb4c.html","invalidateInfo":{"tags":["interception","CONFIG"],"mode":"matchingTag"}} []
[2018-11-12 10:39:56] main.DEBUG: cache_invalidate:  {"method":"GET","url":"http://power.sk-its.ru/d1u-w-2000-48-hb4c.html","invalidateInfo":{"tags":["interception","CONFIG"],"mode":"matchingTag"}} []
[2018-11-12 14:24:40] main.DEBUG: cache_invalidate:  {"method":"GET","url":"http://power.sk-its.ru/","invalidateInfo":{"tags":["interception","CONFIG"],"mode":"matchingTag"}} []
[2018-11-12 14:27:22] main.DEBUG: cache_invalidate:  {"method":"GET","url":"http://power.sk-its.ru/","invalidateInfo":{"tags":["interception","CONFIG"],"mode":"matchingTag"}} []
[2018-11-12 17:37:11] main.DEBUG: cache_invalidate:  {"method":"GET","url":"http://power.sk-its.ru/d1u-w-2000-48-hb4c.html","invalidateInfo":{"tags":["interception","CONFIG"],"mode":"matchingTag"}} []
[2018-11-12 19:31:53] main.DEBUG: cache_invalidate:  {"method":"GET","url":"http://power.sk-its.ru/admin","invalidateInfo":{"tags":["interception","CONFIG"],"mode":"matchingTag"}} []
[2018-11-13 15:54:03] main.DEBUG: cache_invalidate:  {"method":"GET","url":"http://power.sk-its.ru/products/ac-dc-power-supplies/1u-front-end-1.html","invalidateInfo":{"tags":["interception","CONFIG"],"mode":"matchingTag"}} []
[2018-11-13 15:54:39] main.DEBUG: cache_invalidate:  {"method":"GET","url":"http:/","invalidateInfo":{"tags":["interception","CONFIG"],"mode":"matchingTag"}} []
[2018-11-13 15:58:48] main.DEBUG: cache_invalidate:  {"method":"GET","url":"http:/","invalidateInfo":{"tags":["interception","CONFIG"],"mode":"matchingTag"}} []
[2018-11-13 15:58:52] main.DEBUG: cache_invalidate:  {"method":"GET","url":"http://power.sk-its.ru/products/ac-dc-power-supplies/1u-front-end-1.html","invalidateInfo":{"tags":["interception","CONFIG"],"mode":"matchingTag"}} []
[2018-11-13 15:59:39] main.DEBUG: cache_invalidate:  {"method":"GET","url":"http://power.sk-its.ru/products/ac-dc-power-supplies/1u-front-end-1.html","invalidateInfo":{"tags":["interception","CONFIG"],"mode":"matchingTag"}} []
[2018-11-13 16:00:30] main.DEBUG: cache_invalidate:  {"method":"GET","url":"http:/","invalidateInfo":{"tags":["interception","CONFIG"],"mode":"matchingTag"}} []
[2018-11-13 16:03:57] main.DEBUG: cache_invalidate:  {"method":"GET","url":"http://power.sk-its.ru/products/ac-dc-power-supplies/1u-front-end-1.html","invalidateInfo":{"tags":["interception","CONFIG"],"mode":"matchingTag"}} []
[2018-11-14 07:37:13] main.DEBUG: cache_invalidate:  {"method":"GET","url":"http://power.sk-its.ru/","invalidateInfo":{"tags":["interception","CONFIG"],"mode":"matchingTag"}} []
[2018-11-14 07:37:16] main.DEBUG: cache_invalidate:  {"method":"GET","url":"http:/","invalidateInfo":{"tags":["interception","CONFIG"],"mode":"matchingTag"}} []
[2018-11-14 07:37:35] main.DEBUG: cache_invalidate:  {"method":"GET","url":"http://power.sk-its.ru/fonts/FSEmericWebLight/fs_emeric_web-light.woff","invalidateInfo":{"tags":["interception","CONFIG"],"mode":"matchingTag"}} []
[2018-11-14 07:37:36] main.DEBUG: cache_invalidate:  {"method":"GET","url":"http://power.sk-its.ru/fonts/FSEmericWebRegular/fs_emeric_web-regular.woff","invalidateInfo":{"tags":["interception","CONFIG"],"mode":"matchingTag"}} []
[2018-11-14 07:38:38] main.DEBUG: cache_invalidate:  {"method":"GET","url":"http:/","invalidateInfo":{"tags":["interception","CONFIG"],"mode":"matchingTag"}} []
[2018-11-14 07:38:43] main.DEBUG: cache_invalidate:  {"method":"GET","url":"http://power.sk-its.ru/products/ac-dc-power-supplies/1u-front-end-1.html","invalidateInfo":{"tags":["interception","CONFIG"],"mode":"matchingTag"}} []
[2018-11-14 09:31:09] main.DEBUG: cache_invalidate:  {"method":"GET","url":"http:/","invalidateInfo":{"tags":["interception","CONFIG"],"mode":"matchingTag"}} []
[2018-11-14 09:31:15] main.DEBUG: cache_invalidate:  {"method":"GET","url":"http://power.sk-its.ru/","invalidateInfo":{"tags":["interception","CONFIG"],"mode":"matchingTag"}} []
[2018-11-15 09:24:01] main.DEBUG: cache_invalidate:  {"method":"GET","url":"http://power.sk-its.ru/products/contact.html","invalidateInfo":{"tags":["interception","CONFIG"],"mode":"matchingTag"}} []
[2018-11-15 10:00:46] main.DEBUG: cache_invalidate:  {"method":"GET","url":"http:/","invalidateInfo":{"tags":["interception","CONFIG"],"mode":"matchingTag"}} []
[2018-11-15 10:02:52] main.DEBUG: cache_invalidate:  {"method":"GET","url":"http://power.sk-its.ru/","invalidateInfo":{"tags":["interception","CONFIG"],"mode":"matchingTag"}} []
[2018-11-15 11:20:47] main.DEBUG: cache_invalidate:  {"method":"GET","url":"http://wireless.sk-its.ru/type-1eu.html","invalidateInfo":{"tags":["interception","CONFIG"],"mode":"matchingTag"}} []
[2018-11-15 11:22:00] main.DEBUG: cache_invalidate:  {"method":"GET","url":"http:/","invalidateInfo":{"tags":["interception","CONFIG"],"mode":"matchingTag"}} []
[2018-11-15 15:43:35] main.DEBUG: cache_invalidate:  {"method":"GET","url":"http://murata-ps.sk-its.ru/","invalidateInfo":{"tags":["interception","CONFIG"],"mode":"matchingTag"}} []
[2018-11-15 15:44:42] main.DEBUG: cache_invalidate:  {"method":"GET","url":"http://power.sk-its.ru/","invalidateInfo":{"tags":["interception","CONFIG"],"mode":"matchingTag"}} []
[2018-11-16 17:03:47] main.DEBUG: cache_invalidate:  {"method":"GET","url":"http:/","invalidateInfo":{"tags":["interception","CONFIG"],"mode":"matchingTag"}} []
[2018-11-16 17:04:05] main.DEBUG: cache_invalidate:  {"method":"GET","url":"http:/","invalidateInfo":{"tags":["interception","CONFIG"],"mode":"matchingTag"}} []
[2018-11-17 09:40:28] main.DEBUG: cache_invalidate:  {"method":"GET","url":"http:/","invalidateInfo":{"tags":["interception","CONFIG"],"mode":"matchingTag"}} []
[2018-11-17 09:41:25] main.DEBUG: cache_invalidate:  {"method":"GET","url":"http://power.sk-its.ru/admin/theme/design_config/index/key/f3ce67be5154c49059a6df007943eefd532dc81dc35284268c00c7b945102471/","invalidateInfo":{"tags":["interception","CONFIG"],"mode":"matchingTag"}} []
[2018-11-17 09:41:56] main.DEBUG: cache_invalidate:  {"method":"GET","url":"http://power.sk-its.ru/admin/mui/index/render/key/337170e6143c6a025a5f4db701c9cc782a661b7b665730a54bd5b8a9bab38169/?namespace=design_config_listing&paging%5BpageSize%5D=20&paging%5Bcurrent%5D=1&filters%5Bplaceholder%5D=true&isAjax=true","invalidateInfo":{"tags":["interception","CONFIG"],"mode":"matchingTag"}} []
[2018-11-17 09:41:56] main.DEBUG: cache_invalidate:  {"method":"GET","url":"http://power.sk-its.ru/admin/theme/design_config/index/key/f3ce67be5154c49059a6df007943eefd532dc81dc35284268c00c7b945102471/","invalidateInfo":{"tags":["interception","CONFIG"],"mode":"matchingTag"}} []
[2018-11-17 09:41:56] main.DEBUG: cache_invalidate:  {"method":"GET","url":"http://power.sk-its.ru/admin/mui/index/render/key/337170e6143c6a025a5f4db701c9cc782a661b7b665730a54bd5b8a9bab38169/?namespace=notification_area&sorting%5Bfield%5D=created_at&sorting%5Bdirection%5D=asc&isAjax=true","invalidateInfo":{"tags":["interception","CONFIG"],"mode":"matchingTag"}} []
[2018-11-17 09:42:13] main.DEBUG: cache_invalidate:  {"method":"GET","url":"http://power.sk-its.ru/admin/theme/design_config/index/key/f3ce67be5154c49059a6df007943eefd532dc81dc35284268c00c7b945102471/","invalidateInfo":{"tags":["interception","CONFIG"],"mode":"matchingTag"}} []
[2018-11-18 10:41:56] main.DEBUG: cache_invalidate:  {"method":"GET","url":"http:/","invalidateInfo":{"tags":["interception","CONFIG"],"mode":"matchingTag"}} []
[2018-11-18 16:31:41] main.DEBUG: cache_invalidate:  {"method":"GET","url":"http:/","invalidateInfo":{"tags":["interception","CONFIG"],"mode":"matchingTag"}} []
[2018-11-18 21:05:57] main.DEBUG: cache_invalidate:  {"method":"GET","url":"http:/","invalidateInfo":{"tags":["interception","CONFIG"],"mode":"matchingTag"}} []
[2018-11-18 21:07:14] main.DEBUG: cache_invalidate:  {"method":"GET","url":"http://wireless.sk-its.ru/","invalidateInfo":{"tags":["interception","CONFIG"],"mode":"matchingTag"}} []
[2018-11-18 21:09:20] main.DEBUG: cache_invalidate:  {"method":"GET","url":"http://wireless.sk-its.ru/datasheet?/RFM/data/1eu_brochure.pdf","invalidateInfo":{"tags":["interception","CONFIG"],"mode":"matchingTag"}} []
[2018-11-18 22:14:30] main.DEBUG: cache_invalidate:  {"method":"GET","url":"http://power.sk-its.ru/","invalidateInfo":{"tags":["interception","CONFIG"],"mode":"matchingTag"}} []
[2018-11-19 05:57:19] main.DEBUG: cache_invalidate:  {"method":"GET","url":"http://power.sk-its.ru/products/dc-dc-converters/single-output-non-isolated.html?product_list_order=name","invalidateInfo":{"tags":["interception","CONFIG"],"mode":"matchingTag"}} []
[2018-11-19 05:57:25] main.DEBUG: cache_invalidate:  {"method":"GET","url":"http://power.sk-its.ru/products/dc-dc-converters/single-output-non-isolated.html?product_list_limit=25","invalidateInfo":{"tags":["interception","CONFIG"],"mode":"matchingTag"}} []
[2018-11-19 06:00:45] main.DEBUG: cache_invalidate:  {"method":"GET","url":"http://power.sk-its.ru/admin/mui/index/render/key/2b5b56ca60ed323d777808ea317f921d871d576c11e22c41c16670267c5367f6/?namespace=notification_area&sorting%5Bfield%5D=created_at&sorting%5Bdirection%5D=asc&isAjax=true","invalidateInfo":{"tags":["interception","CONFIG"],"mode":"matchingTag"}} []
[2018-11-19 06:05:45] main.DEBUG: cache_invalidate:  {"method":"GET","url":"http://power.sk-its.ru/admin/theme/design_config/index/key/bf2d679370b354a8301ec56ea6f72ed290d588987c0013312a6f8ee5bb5c968d/","invalidateInfo":{"tags":["interception","CONFIG"],"mode":"matchingTag"}} []
[2018-11-19 06:05:53] main.DEBUG: cache_invalidate:  {"method":"GET","url":"http://power.sk-its.ru/admin/theme/design_config/index/key/bf2d679370b354a8301ec56ea6f72ed290d588987c0013312a6f8ee5bb5c968d/","invalidateInfo":{"tags":["interception","CONFIG"],"mode":"matchingTag"}} []
[2018-11-19 06:05:53] main.DEBUG: cache_invalidate:  {"method":"POST","url":"http://power.sk-its.ru/admin/theme/design_config/save/key/33682d4bf9bfeef8743bb9d061557c4e5f3ce6fab192c5f392551e915108462b/","invalidateInfo":{"tags":["interception","CONFIG"],"mode":"matchingTag"}} []
[2018-11-19 06:05:59] main.DEBUG: cache_invalidate:  {"method":"GET","url":"http://power.sk-its.ru/app/etc/config.php","invalidateInfo":{"tags":["interception","CONFIG"],"mode":"matchingTag"}} []
[2018-11-19 06:06:00] main.DEBUG: cache_invalidate:  {"method":"GET","url":"http://power.sk-its.ru/admin/theme/design_config/index/key/bf2d679370b354a8301ec56ea6f72ed290d588987c0013312a6f8ee5bb5c968d/","invalidateInfo":{"tags":["interception","CONFIG"],"mode":"matchingTag"}} []
[2018-11-19 06:07:44] main.DEBUG: cache_invalidate:  {"method":"GET","url":"http:/","invalidateInfo":{"tags":["interception","CONFIG"],"mode":"matchingTag"}} []
[2018-11-20 15:47:58] main.DEBUG: cache_invalidate:  {"method":"GET","url":"http:/","invalidateInfo":{"tags":["interception","CONFIG"],"mode":"matchingTag"}} []
[2018-11-20 15:48:17] main.DEBUG: cache_invalidate:  {"method":"GET","url":"http://wireless.sk-its.ru/","invalidateInfo":{"tags":["interception","CONFIG"],"mode":"matchingTag"}} []
[2018-11-20 15:49:48] main.DEBUG: cache_invalidate:  {"method":"GET","url":"http://power.sk-its.ru/admin/theme/design_config/index/key/2ecaabd1f86334ebf33a9c7d2d548eaab5b0fb032807616ab732d86105d0582e/","invalidateInfo":{"tags":["interception","CONFIG"],"mode":"matchingTag"}} []
[2018-11-20 15:50:10] main.DEBUG: cache_invalidate:  {"method":"GET","url":"http://power.sk-its.ru/admin/theme/design_config/index/key/2ecaabd1f86334ebf33a9c7d2d548eaab5b0fb032807616ab732d86105d0582e/","invalidateInfo":{"tags":["interception","CONFIG"],"mode":"matchingTag"}} []
[2018-11-20 15:50:11] main.DEBUG: cache_invalidate:  {"method":"GET","url":"http://power.sk-its.ru/admin/mui/index/render/key/4feaeefe32be0ce07799b3df85d9ead9030e5e740589bcfc43064590af7270b1/?namespace=notification_area&sorting%5Bfield%5D=created_at&sorting%5Bdirection%5D=asc&isAjax=true","invalidateInfo":{"tags":["interception","CONFIG"],"mode":"matchingTag"}} []
[2018-11-20 15:50:11] main.DEBUG: cache_invalidate:  {"method":"GET","url":"http://power.sk-its.ru/admin/mui/index/render/key/4feaeefe32be0ce07799b3df85d9ead9030e5e740589bcfc43064590af7270b1/?namespace=design_config_listing&filters%5Bplaceholder%5D=true&paging%5BpageSize%5D=20&paging%5Bcurrent%5D=1&isAjax=true","invalidateInfo":{"tags":["interception","CONFIG"],"mode":"matchingTag"}} []
[2018-11-20 15:50:33] main.DEBUG: cache_invalidate:  {"method":"GET","url":"http://power.sk-its.ru/admin/theme/design_config/index/key/2ecaabd1f86334ebf33a9c7d2d548eaab5b0fb032807616ab732d86105d0582e/","invalidateInfo":{"tags":["interception","CONFIG"],"mode":"matchingTag"}} []
[2018-11-20 15:50:34] main.DEBUG: cache_invalidate:  {"method":"GET","url":"http://power.sk-its.ru/","invalidateInfo":{"tags":["interception","CONFIG"],"mode":"matchingTag"}} []
[2018-11-20 15:56:27] main.DEBUG: cache_invalidate:  {"method":"GET","url":"http://murata-ps.sk-its.ru/news/category/new-products","invalidateInfo":{"tags":["interception","CONFIG"],"mode":"matchingTag"}} []
[2018-11-20 16:06:17] main.DEBUG: cache_invalidate:  {"method":"GET","url":"http://murata-ps.sk-its.ru/news/category/jp","invalidateInfo":{"tags":["interception","CONFIG"],"mode":"matchingTag"}} []
[2018-11-20 16:36:50] main.DEBUG: cache_invalidate:  {"method":"GET","url":"http://murata-ps.sk-its.ru/favicon.ico","invalidateInfo":{"tags":["interception","CONFIG"],"mode":"matchingTag"}} []
[2018-11-20 16:36:51] main.DEBUG: cache_invalidate:  {"method":"GET","url":"http://murata-ps.sk-its.ru/news/new-products/4360","invalidateInfo":{"tags":["interception","CONFIG"],"mode":"matchingTag"}} []
[2018-11-20 16:37:03] main.DEBUG: cache_invalidate:  {"method":"GET","url":"http://murata-ps.sk-its.ru/news/category/new-products","invalidateInfo":{"tags":["interception","CONFIG"],"mode":"matchingTag"}} []
[2018-11-20 16:40:56] main.DEBUG: cache_invalidate:  {"method":"GET","url":"http://murata-ps.sk-its.ru/","invalidateInfo":{"tags":["interception","CONFIG"],"mode":"matchingTag"}} []
[2018-11-20 17:36:10] main.DEBUG: cache_invalidate:  {"method":"GET","url":"http://murata-ps.sk-its.ru/news/new-products/4360","invalidateInfo":{"tags":["interception","CONFIG"],"mode":"matchingTag"}} []
[2018-11-20 17:36:15] main.DEBUG: cache_invalidate:  {"method":"GET","url":"http://murata-ps.sk-its.ru/","invalidateInfo":{"tags":["interception","CONFIG"],"mode":"matchingTag"}} []
[2018-11-20 17:36:16] main.DEBUG: cache_invalidate:  {"method":"GET","url":"http://murata-ps.sk-its.ru/","invalidateInfo":{"tags":["interception","CONFIG"],"mode":"matchingTag"}} []
[2018-11-21 12:10:45] main.DEBUG: cache_invalidate:  {"method":"GET","url":"http://wireless.sk-its.ru/media/wysiwyg/RFM/home/rf_modules.jpg","invalidateInfo":{"tags":["interception","CONFIG"],"mode":"matchingTag"}} []
[2018-11-21 12:11:46] main.DEBUG: cache_invalidate:  {"method":"GET","url":"http://wireless.sk-its.ru/media/wysiwyg/RFM/home/rf_modules.jpg","invalidateInfo":{"tags":["interception","CONFIG"],"mode":"matchingTag"}} []
[2018-11-21 13:37:52] main.DEBUG: cache_invalidate:  {"method":"GET","url":"http://wireless.sk-its.ru/media/wysiwyg/RFM/home/rf_modules.jpg","invalidateInfo":{"tags":["interception","CONFIG"],"mode":"matchingTag"}} []
[2018-11-21 13:39:03] main.DEBUG: cache_invalidate:  {"method":"GET","url":"http://wireless.sk-its.ru/","invalidateInfo":{"tags":["interception","CONFIG"],"mode":"matchingTag"}} []
[2018-11-21 13:39:37] main.DEBUG: cache_invalidate:  {"method":"GET","url":"http:/","invalidateInfo":{"tags":["interception","CONFIG"],"mode":"matchingTag"}} []
[2018-11-30 14:07:48] main.DEBUG: cache_invalidate:  {"method":"GET","url":"http:/","invalidateInfo":{"tags":["interception","CONFIG"],"mode":"matchingTag"}} []
[2018-12-13 21:47:01] main.DEBUG: cache_invalidate:  {"method":"GET","url":"http:/","invalidateInfo":{"tags":["interception","CONFIG"],"mode":"matchingTag"}} []
[2018-12-13 21:48:22] main.DEBUG: cache_invalidate:  {"method":"GET","url":"http:/","invalidateInfo":{"tags":["interception","CONFIG"],"mode":"matchingTag"}} []
[2018-12-13 22:45:32] main.DEBUG: cache_invalidate:  {"method":"GET","url":"http:/","invalidateInfo":{"tags":["interception","CONFIG"],"mode":"matchingTag"}} []
[2018-12-17 12:44:52] main.DEBUG: cache_invalidate:  {"method":"GET","url":"http:/","invalidateInfo":{"tags":["interception","CONFIG"],"mode":"matchingTag"}} []
[2018-12-17 12:46:35] main.DEBUG: cache_invalidate:  {"method":"GET","url":"http:/","invalidateInfo":{"tags":["interception","CONFIG"],"mode":"matchingTag"}} []
[2018-12-17 12:46:35] main.DEBUG: cache_invalidate:  {"method":"GET","url":"http://power.sk-its.ru/static/version1544741173/adminhtml/Murata/Backend/en_US/Magento_Ui/templates/grid/filters/chips.html?resource=adminhtml/Murata/Backend/en_US/Magento_Ui/templates/grid/filters/chips.html","invalidateInfo":{"tags":["interception","CONFIG"],"mode":"matchingTag"}} []
[2018-12-17 12:46:35] main.DEBUG: cache_invalidate:  {"method":"GET","url":"http://power.sk-its.ru/static/version1544741173/adminhtml/Murata/Backend/en_US/Magento_Ui/templates/grid/submenu.html?resource=adminhtml/Murata/Backend/en_US/Magento_Ui/templates/grid/submenu.html","invalidateInfo":{"tags":["interception","CONFIG"],"mode":"matchingTag"}} []
[2018-12-17 12:46:35] main.DEBUG: cache_invalidate:  {"method":"GET","url":"http://power.sk-its.ru/static/version1544741173/adminhtml/Murata/Backend/en_US/Magento_Ui/templates/grid/controls/bookmarks/view.html?resource=adminhtml/Murata/Backend/en_US/Magento_Ui/templates/grid/controls/bookmarks/view.html","invalidateInfo":{"tags":["interception","CONFIG"],"mode":"matchingTag"}} []
[2018-12-17 12:46:36] main.DEBUG: cache_invalidate:  {"method":"GET","url":"http://power.sk-its.ru/static/version1544741173/adminhtml/Murata/Backend/en_US/Magento_Ui/templates/grid/filters/elements/group.html?resource=adminhtml/Murata/Backend/en_US/Magento_Ui/templates/grid/filters/elements/group.html","invalidateInfo":{"tags":["interception","CONFIG"],"mode":"matchingTag"}} []
[2018-12-17 12:48:21] main.DEBUG: cache_invalidate:  {"method":"GET","url":"http:/","invalidateInfo":{"tags":["interception","CONFIG"],"mode":"matchingTag"}} []
[2018-12-17 19:34:56] main.DEBUG: cache_invalidate:  {"method":"GET","url":"http://power.sk-its.ru/d1u54-hd-1200-12-ha4c.html","invalidateInfo":{"tags":["interception","CONFIG"],"mode":"matchingTag"}} []
[2018-12-17 20:03:43] main.DEBUG: cache_invalidate:  {"method":"GET","url":"http://power.sk-its.ru/application-notes/ac-dc-application-notes.html","invalidateInfo":{"tags":["interception","CONFIG"],"mode":"matchingTag"}} []
[2018-12-18 04:22:27] main.DEBUG: cache_invalidate:  {"method":"GET","url":"http://murata-ps.sk-its.ru/products/digital-panel-meters/ammeters-dc.html","invalidateInfo":{"tags":["interception","CONFIG"],"mode":"matchingTag"}} []
[2018-12-18 10:20:58] main.DEBUG: cache_invalidate:  {"method":"GET","url":"http://wireless.sk-its.ru/robots.txt","invalidateInfo":{"tags":["interception","CONFIG"],"mode":"matchingTag"}} []
[2018-12-19 06:13:09] main.DEBUG: cache_invalidate:  {"method":"GET","url":"http://wireless.sk-its.ru/robots.txt","invalidateInfo":{"tags":["interception","CONFIG"],"mode":"matchingTag"}} []
[2018-12-19 10:14:33] main.DEBUG: cache_invalidate:  {"method":"GET","url":"http://murata-ps.sk-its.ru/","invalidateInfo":{"tags":["interception","CONFIG"],"mode":"matchingTag"}} []
[2018-12-20 04:22:14] main.DEBUG: cache_invalidate:  {"method":"GET","url":"http://power.sk-its.ru/","invalidateInfo":{"tags":["interception","CONFIG"],"mode":"matchingTag"}} []
[2018-12-20 10:01:11] main.DEBUG: cache_invalidate:  {"method":"GET","url":"http:/","invalidateInfo":{"tags":["interception","CONFIG"],"mode":"matchingTag"}} []
[2019-01-03 21:25:53] main.DEBUG: cache_invalidate:  {"method":"GET","url":"http:/","invalidateInfo":{"tags":["interception","CONFIG"],"mode":"matchingTag"}} []
[2019-01-03 21:35:33] main.DEBUG: cache_invalidate:  {"method":"GET","url":"http://power.sk-its.ru/products.html","invalidateInfo":{"tags":["interception","CONFIG"],"mode":"matchingTag"}} []
[2019-01-03 21:41:09] main.DEBUG: cache_invalidate:  {"method":"GET","url":"http://power.sk-its.ru/products.html","invalidateInfo":{"tags":["interception","CONFIG"],"mode":"matchingTag"}} []
[2019-01-05 19:40:38] main.DEBUG: cache_invalidate:  {"method":"GET","url":"http://power.sk-its.ru/","invalidateInfo":{"tags":["interception","CONFIG"],"mode":"matchingTag"}} []
[2019-01-05 20:09:04] main.DEBUG: cache_invalidate:  {"method":"GET","url":"http://power.sk-its.ru/products/ac-dc-power-supplies/1u-front-end-1.html","invalidateInfo":{"tags":["interception","CONFIG"],"mode":"matchingTag"}} []
[2019-01-05 20:11:11] main.DEBUG: cache_invalidate:  {"method":"GET","url":"http://power.sk-its.ru/products/ac-dc-power-supplies/1u-front-end-1.html","invalidateInfo":{"tags":["interception","CONFIG"],"mode":"matchingTag"}} []
[2019-01-05 20:22:52] main.DEBUG: cache_invalidate:  {"method":"GET","url":"http://power.sk-its.ru/products/ac-dc-power-supplies/1u-front-end-1.html","invalidateInfo":{"tags":["interception","CONFIG"],"mode":"matchingTag"}} []
[2019-01-06 00:57:37] main.DEBUG: cache_invalidate:  {"method":"GET","url":"http://murata-ps.sk-its.ru/products/digital-panel-meters/accessories/rated-current-(a)/200-1200.html","invalidateInfo":{"tags":["interception","CONFIG"],"mode":"matchingTag"}} []
[2019-01-06 01:18:07] main.DEBUG: cache_invalidate:  {"method":"GET","url":"http://murata-ps.sk-its.ru/dms-20pc-0-rs-c.html","invalidateInfo":{"tags":["interception","CONFIG"],"mode":"matchingTag"}} []
[2019-01-06 01:51:19] main.DEBUG: cache_invalidate:  {"method":"GET","url":"http://murata-ps.sk-its.ru/products/digital-panel-meters/ammeters-ac/power-supply-(v)/85-to-264-170-to-264.html","invalidateInfo":{"tags":["interception","CONFIG"],"mode":"matchingTag"}} []
[2019-01-06 02:12:50] main.DEBUG: cache_invalidate:  {"method":"GET","url":"http://murata-ps.sk-its.ru/news/new-products/2960","invalidateInfo":{"tags":["interception","CONFIG"],"mode":"matchingTag"}} []
[2019-01-06 02:14:13] main.DEBUG: cache_invalidate:  {"method":"GET","url":"http://murata-ps.sk-its.ru/pub/data/magnetics/kmp_5300c.pdf","invalidateInfo":{"tags":["interception","CONFIG"],"mode":"matchingTag"}} []
[2019-01-06 02:23:07] main.DEBUG: cache_invalidate:  {"method":"GET","url":"http://murata-ps.sk-its.ru/products/digital-panel-meters/voltmeters-ac/power-supply-(v)/10-to-40-85-to-264.html","invalidateInfo":{"tags":["interception","CONFIG"],"mode":"matchingTag"}} []
[2019-01-07 05:43:07] main.DEBUG: cache_invalidate:  {"method":"GET","url":"http://murata-ps.sk-its.ru/products/digital-panel-meters/accessories/rated-current-(a)/500-1200.html","invalidateInfo":{"tags":["interception","CONFIG"],"mode":"matchingTag"}} []
[2019-01-07 11:36:17] main.DEBUG: cache_invalidate:  {"method":"GET","url":"http://murata-ps.sk-its.ru/okl2-t-12-w5p-c.html","invalidateInfo":{"tags":["interception","CONFIG"],"mode":"matchingTag"}} []
[2019-01-07 13:18:21] main.DEBUG: cache_invalidate:  {"method":"GET","url":"http://murata-ps.sk-its.ru/news/new-products/2726","invalidateInfo":{"tags":["interception","CONFIG"],"mode":"matchingTag"}} []
[2019-01-07 13:18:30] main.DEBUG: cache_invalidate:  {"method":"GET","url":"http://murata-ps.sk-its.ru/products/digital-panel-meters/frequency-meters/power-supply-(v)/85-to-140-170-to-264.html","invalidateInfo":{"tags":["interception","CONFIG"],"mode":"matchingTag"}} []
[2019-01-07 20:55:53] main.DEBUG: cache_invalidate:  {"method":"GET","url":"http://power.sk-its.ru/datasheet?/data/power/oki-t3-w40.pdf","invalidateInfo":{"tags":["interception","CONFIG"],"mode":"matchingTag"}} []
[2019-01-08 02:17:46] main.DEBUG: cache_invalidate:  {"method":"GET","url":"http://wireless.sk-its.ru/","invalidateInfo":{"tags":["interception","CONFIG"],"mode":"matchingTag"}} []
[2019-01-08 03:22:57] main.DEBUG: cache_invalidate:  {"method":"GET","url":"http://wireless.sk-its.ru/products/sub-ghz-radios.html","invalidateInfo":{"tags":["interception","CONFIG"],"mode":"matchingTag"}} []
[2019-01-08 07:01:38] main.DEBUG: cache_invalidate:  {"method":"GET","url":"http://murata-ps.sk-its.ru/robots.txt","invalidateInfo":{"tags":["interception","CONFIG"],"mode":"matchingTag"}} []
[2019-01-08 14:37:14] main.DEBUG: cache_invalidate:  {"method":"GET","url":"http://murata-ps.sk-its.ru/products/ac-dc-power-supplies/1u-front-en.html","invalidateInfo":{"tags":["interception","CONFIG"],"mode":"matchingTag"}} []
[2019-01-08 15:01:15] main.DEBUG: cache_invalidate:  {"method":"GET","url":"http://wireless.sk-its.ru/robots.txt","invalidateInfo":{"tags":["interception","CONFIG"],"mode":"matchingTag"}} []
[2019-01-08 15:34:56] main.DEBUG: cache_invalidate:  {"method":"GET","url":"http://wireless.sk-its.ru/products/saw-components-for-non-mobile.html","invalidateInfo":{"tags":["interception","CONFIG"],"mode":"matchingTag"}} []
[2019-01-08 16:16:13] main.DEBUG: cache_invalidate:  {"method":"GET","url":"http://murata-ps.sk-its.ru/products/digital-panel-meters/ammeters-ac.html","invalidateInfo":{"tags":["interception","CONFIG"],"mode":"matchingTag"}} []
[2019-01-10 03:44:47] main.DEBUG: cache_invalidate:  {"method":"GET","url":"http://murata-ps.sk-its.ru/","invalidateInfo":{"tags":["interception","CONFIG"],"mode":"matchingTag"}} []
[2019-01-10 03:44:49] main.DEBUG: cache_invalidate:  {"method":"GET","url":"http://murata-ps.sk-its.ru/news","invalidateInfo":{"tags":["interception","CONFIG"],"mode":"matchingTag"}} []
[2019-01-10 03:50:05] main.DEBUG: cache_invalidate:  {"method":"GET","url":"http://murata-ps.sk-its.ru/news/","invalidateInfo":{"tags":["interception","CONFIG"],"mode":"matchingTag"}} []
[2019-01-10 03:52:44] main.DEBUG: cache_invalidate:  {"method":"GET","url":"http://power.sk-its.ru/products/ac-dc-power-supplies/enclosed-front-end-3-phase-ac-in.html","invalidateInfo":{"tags":["interception","CONFIG"],"mode":"matchingTag"}} []
[2019-01-10 03:53:24] main.DEBUG: cache_invalidate:  {"method":"GET","url":"http://murata-ps.sk-its.ru/news/new-products/4360","invalidateInfo":{"tags":["interception","CONFIG"],"mode":"matchingTag"}} []
[2019-01-10 03:53:39] main.DEBUG: cache_invalidate:  {"method":"GET","url":"http://power.sk-its.ru/products/ac-dc-power-supplies/enclosed-front-end-3-phase-ac-in.html?product_list_order=position","invalidateInfo":{"tags":["interception","CONFIG"],"mode":"matchingTag"}} []
[2019-01-10 03:57:24] main.DEBUG: cache_invalidate:  {"method":"GET","url":"http://murata-ps.sk-its.ru/products/magnetics.html","invalidateInfo":{"tags":["interception","CONFIG"],"mode":"matchingTag"}} []
[2019-01-10 04:11:07] main.DEBUG: cache_invalidate:  {"method":"GET","url":"http://wireless.sk-its.ru/products/rf-modules-1/bluetooth.html","invalidateInfo":{"tags":["interception","CONFIG"],"mode":"matchingTag"}} []
[2019-01-10 04:12:29] main.DEBUG: cache_invalidate:  {"method":"GET","url":"http://murata-ps.sk-its.ru/sitemap","invalidateInfo":{"tags":["interception","CONFIG"],"mode":"matchingTag"}} []
[2019-01-10 04:22:11] main.DEBUG: cache_invalidate:  {"method":"GET","url":"http://murata-ps.sk-its.ru/products/magnetics.html","invalidateInfo":{"tags":["interception","CONFIG"],"mode":"matchingTag"}} []
[2019-01-10 04:22:15] main.DEBUG: cache_invalidate:  {"method":"GET","url":"http://murata-ps.sk-its.ru/products/magnetics.html","invalidateInfo":{"tags":["interception","CONFIG"],"mode":"matchingTag"}} []
[2019-01-10 04:35:58] main.DEBUG: cache_invalidate:  {"method":"GET","url":"http://murata-ps.sk-its.ru/products/open-compute.html","invalidateInfo":{"tags":["interception","CONFIG"],"mode":"matchingTag"}} []
[2019-01-10 05:35:08] main.DEBUG: cache_invalidate:  {"method":"GET","url":"http://murata-ps.sk-its.ru/products/digital-panel-meters/ammeters-ac.html","invalidateInfo":{"tags":["interception","CONFIG"],"mode":"matchingTag"}} []
[2019-01-10 05:40:42] main.DEBUG: cache_invalidate:  {"method":"GET","url":"http://murata-ps.sk-its.ru/support/download-pdf-catalogs.html","invalidateInfo":{"tags":["interception","CONFIG"],"mode":"matchingTag"}} []
[2019-01-10 05:48:19] main.DEBUG: cache_invalidate:  {"method":"GET","url":"http://murata-ps.sk-its.ru/support/product-environmental-compliance.html","invalidateInfo":{"tags":["interception","CONFIG"],"mode":"matchingTag"}} []
[2019-01-10 11:53:52] main.DEBUG: cache_invalidate:  {"method":"GET","url":"http://murata-ps.sk-its.ru/products/literature.html?ref=banner","invalidateInfo":{"tags":["interception","CONFIG"],"mode":"matchingTag"}} []
[2019-01-11 17:27:45] main.DEBUG: cache_invalidate:  {"method":"GET","url":"http:/","invalidateInfo":{"tags":["interception","CONFIG"],"mode":"matchingTag"}} []
[2019-01-11 17:28:17] main.DEBUG: cache_invalidate:  {"method":"GET","url":"http://power.sk-its.ru/en/products/ac-dc-power-supplies/1u-front-end-1.html","invalidateInfo":{"tags":["interception","CONFIG"],"mode":"matchingTag"}} []
[2019-01-11 17:42:13] main.DEBUG: cache_invalidate:  {"method":"GET","url":"http://power.sk-its.ru/admin/theme/design_config/index/key/2c18d0220fa49d34305854a2d631576ad51eec0bcc537a83907b1b07a49db99e/","invalidateInfo":{"tags":["interception","CONFIG"],"mode":"matchingTag"}} []
[2019-01-11 17:42:33] main.DEBUG: cache_invalidate:  {"method":"GET","url":"http://power.sk-its.ru/admin/theme/design_config/index/key/2c18d0220fa49d34305854a2d631576ad51eec0bcc537a83907b1b07a49db99e/","invalidateInfo":{"tags":["interception","CONFIG"],"mode":"matchingTag"}} []
[2019-01-11 17:42:52] main.DEBUG: cache_invalidate:  {"method":"GET","url":"http://power.sk-its.ru/admin/theme/design_config/index/key/2c18d0220fa49d34305854a2d631576ad51eec0bcc537a83907b1b07a49db99e/","invalidateInfo":{"tags":["interception","CONFIG"],"mode":"matchingTag"}} []
[2019-01-12 23:01:06] main.DEBUG: cache_invalidate:  {"method":"GET","url":"http://power.sk-its.ru/","invalidateInfo":{"tags":["interception","CONFIG"],"mode":"matchingTag"}} []
[2019-01-12 23:03:55] main.DEBUG: cache_invalidate:  {"method":"GET","url":"http://murata-ps.sk-its.ru/","invalidateInfo":{"tags":["interception","CONFIG"],"mode":"matchingTag"}} []
[2019-01-13 20:26:31] main.DEBUG: cache_invalidate:  {"method":"GET","url":"http:/","invalidateInfo":{"tags":["interception","CONFIG"],"mode":"matchingTag"}} []
[2019-01-18 07:47:40] main.DEBUG: cache_invalidate:  {"method":"GET","url":"http://power.sk-its.ru/","invalidateInfo":{"tags":["interception","CONFIG"],"mode":"matchingTag"}} []
[2019-01-19 08:26:52] main.DEBUG: cache_invalidate:  {"method":"GET","url":"http:/","invalidateInfo":{"tags":["interception","CONFIG"],"mode":"matchingTag"}} []
[2019-01-20 20:48:12] main.DEBUG: cache_invalidate:  {"method":"GET","url":"http:/","invalidateInfo":{"tags":["interception","CONFIG"],"mode":"matchingTag"}} []
[2019-01-20 21:02:50] main.DEBUG: cache_invalidate:  {"method":"GET","url":"http://wireless.sk-its.ru/products/rf-modules-1/lpwa.html","invalidateInfo":{"tags":["interception","CONFIG"],"mode":"matchingTag"}} []
[2019-01-20 21:03:16] main.DEBUG: cache_invalidate:  {"method":"GET","url":"http:/","invalidateInfo":{"tags":["interception","CONFIG"],"mode":"matchingTag"}} []
[2019-01-22 05:32:15] main.DEBUG: cache_invalidate:  {"method":"GET","url":"http://murata-ps.sk-its.ru/aca5-20pc-9-ac1-rl-c.html","invalidateInfo":{"tags":["interception","CONFIG"],"mode":"matchingTag"}} []
[2019-01-22 07:36:11] main.DEBUG: cache_invalidate:  {"method":"GET","url":"http://power.sk-its.ru/products/contact.html?part=D1U86T-W-800-12-HB4C","invalidateInfo":{"tags":["interception","CONFIG"],"mode":"matchingTag"}} []
[2019-01-22 09:07:41] main.DEBUG: cache_invalidate:  {"method":"GET","url":"http://wireless.sk-its.ru/products/rf-modules-1.html","invalidateInfo":{"tags":["interception","CONFIG"],"mode":"matchingTag"}} []
[2019-01-22 09:31:34] main.DEBUG: cache_invalidate:  {"method":"GET","url":"http://wireless.sk-its.ru/products/rf-modules-1/wi-fi-bluetooth.html","invalidateInfo":{"tags":["interception","CONFIG"],"mode":"matchingTag"}} []
[2019-01-22 09:32:58] main.DEBUG: cache_invalidate:  {"method":"GET","url":"http://wireless.sk-its.ru/products/rf-modules-1/wi-fi-bluetooth.html","invalidateInfo":{"tags":["interception","CONFIG"],"mode":"matchingTag"}} []
[2019-01-22 09:41:35] main.DEBUG: cache_invalidate:  {"method":"GET","url":"http://wireless.sk-its.ru/products/rf-modules-1/wi-fi-bluetooth.html","invalidateInfo":{"tags":["interception","CONFIG"],"mode":"matchingTag"}} []
[2019-01-22 11:39:25] main.DEBUG: cache_invalidate:  {"method":"GET","url":"http://power.sk-its.ru/admin/megamenu/category/edit/id/3/key/4ffc6a3a35a003633738284374dbc22f7ab0d284b4e6793f8d4eb62d67ea0f41/","invalidateInfo":{"tags":["interception","CONFIG"],"mode":"matchingTag"}} []
[2019-01-22 12:45:04] main.DEBUG: cache_invalidate:  {"method":"GET","url":"http://power.sk-its.ru/admin/mui/index/render/key/832e420ad072f33da681c38b3807571588a4b48e0787daad1c3da2d6ffda4936/?namespace=notification_area&sorting%5Bfield%5D=created_at&sorting%5Bdirection%5D=asc&isAjax=true","invalidateInfo":{"tags":["interception","CONFIG"],"mode":"matchingTag"}} []
[2019-01-22 12:45:05] main.DEBUG: cache_invalidate:  {"method":"GET","url":"http://power.sk-its.ru/404?https://www.murata-ps.com/data/power/uqq7-15a.pdf?ref=noho-03-2010-pm","invalidateInfo":{"tags":["interception","CONFIG"],"mode":"matchingTag"}} []
[2019-01-22 12:45:05] main.DEBUG: cache_invalidate:  {"method":"GET","url":"http://power.sk-its.ru/admin/theme/design_config/index/key/b97eda43303f3f6ee79bededf9ac71da1955e633fa8184e8dfc27bec5f3c1a85/","invalidateInfo":{"tags":["interception","CONFIG"],"mode":"matchingTag"}} []
[2019-01-22 12:45:07] main.DEBUG: cache_invalidate:  {"method":"POST","url":"http://power.sk-its.ru/admin/theme/design_config_fileUploader/save/key/f70d449807bf919aa578d2aa056d0d45da7474fc1cd459a01f6843e91459d5b9/?isAjax=true","invalidateInfo":{"tags":["interception","CONFIG"],"mode":"matchingTag"}} []
[2019-01-22 12:45:07] main.DEBUG: cache_invalidate:  {"method":"POST","url":"http://power.sk-its.ru/admin/theme/design_config/save/key/383f6514f4f5f6e490b10ee7cc8fb0d4ba25aa4b15f118f20692cb6c1f73a8d2/","invalidateInfo":{"tags":["interception","CONFIG"],"mode":"matchingTag"}} []
[2019-01-22 12:45:18] main.DEBUG: cache_invalidate:  {"method":"GET","url":"http://power.sk-its.ru/admin/theme/design_config/index/key/b97eda43303f3f6ee79bededf9ac71da1955e633fa8184e8dfc27bec5f3c1a85/","invalidateInfo":{"tags":["interception","CONFIG"],"mode":"matchingTag"}} []
[2019-01-22 12:45:19] main.DEBUG: cache_invalidate:  {"method":"POST","url":"http://power.sk-its.ru/admin/theme/design_config_fileUploader/save/key/f70d449807bf919aa578d2aa056d0d45da7474fc1cd459a01f6843e91459d5b9/?isAjax=true","invalidateInfo":{"tags":["interception","CONFIG"],"mode":"matchingTag"}} []
[2019-01-22 12:45:19] main.DEBUG: cache_invalidate:  {"method":"POST","url":"http://power.sk-its.ru/admin/theme/design_config/save/key/383f6514f4f5f6e490b10ee7cc8fb0d4ba25aa4b15f118f20692cb6c1f73a8d2/","invalidateInfo":{"tags":["interception","CONFIG"],"mode":"matchingTag"}} []
[2019-01-22 12:45:31] main.DEBUG: cache_invalidate:  {"method":"GET","url":"http://power.sk-its.ru/admin/theme/design_config/index/key/b97eda43303f3f6ee79bededf9ac71da1955e633fa8184e8dfc27bec5f3c1a85/","invalidateInfo":{"tags":["interception","CONFIG"],"mode":"matchingTag"}} []
[2019-01-22 12:45:32] main.DEBUG: cache_invalidate:  {"method":"GET","url":"http://power.sk-its.ru/admin/mui/index/render/key/832e420ad072f33da681c38b3807571588a4b48e0787daad1c3da2d6ffda4936/?namespace=notification_area&sorting%5Bfield%5D=created_at&sorting%5Bdirection%5D=asc&isAjax=true","invalidateInfo":{"tags":["interception","CONFIG"],"mode":"matchingTag"}} []
[2019-01-22 12:45:32] main.DEBUG: cache_invalidate:  {"method":"GET","url":"http://power.sk-its.ru/admin/mui/index/render/key/832e420ad072f33da681c38b3807571588a4b48e0787daad1c3da2d6ffda4936/?namespace=design_config_listing&filters%5Bplaceholder%5D=true&paging%5BpageSize%5D=20&paging%5Bcurrent%5D=1&isAjax=true","invalidateInfo":{"tags":["interception","CONFIG"],"mode":"matchingTag"}} []
[2019-01-22 12:45:32] main.DEBUG: cache_invalidate:  {"method":"GET","url":"http://power.sk-its.ru/app/etc/config.php","invalidateInfo":{"tags":["interception","CONFIG"],"mode":"matchingTag"}} []
[2019-01-22 12:46:05] main.DEBUG: cache_invalidate:  {"method":"GET","url":"http://power.sk-its.ru/admin/theme/design_config/index/key/b97eda43303f3f6ee79bededf9ac71da1955e633fa8184e8dfc27bec5f3c1a85/","invalidateInfo":{"tags":["interception","CONFIG"],"mode":"matchingTag"}} []
[2019-01-22 12:46:35] main.DEBUG: cache_invalidate:  {"method":"GET","url":"http://power.sk-its.ru/admin/theme/design_config/index/key/b97eda43303f3f6ee79bededf9ac71da1955e633fa8184e8dfc27bec5f3c1a85/","invalidateInfo":{"tags":["interception","CONFIG"],"mode":"matchingTag"}} []
[2019-01-22 12:46:46] main.DEBUG: cache_invalidate:  {"method":"GET","url":"http://power.sk-its.ru/admin/theme/design_config/index/key/b97eda43303f3f6ee79bededf9ac71da1955e633fa8184e8dfc27bec5f3c1a85/","invalidateInfo":{"tags":["interception","CONFIG"],"mode":"matchingTag"}} []
[2019-01-22 13:13:57] main.DEBUG: cache_invalidate:  {"method":"GET","url":"http://murata-ps.sk-its.ru/datasheet?/data/magnetics/kmp_1200r.pdf","invalidateInfo":{"tags":["interception","CONFIG"],"mode":"matchingTag"}} []
[2019-01-22 13:13:57] main.DEBUG: cache_invalidate:  {"method":"GET","url":"http://power.sk-its.ru/products/ac-dc-power-supplies/open-frame-1u.html","invalidateInfo":{"tags":["interception","CONFIG"],"mode":"matchingTag"}} []
[2019-01-22 14:42:53] main.DEBUG: cache_invalidate:  {"method":"GET","url":"http://power.sk-its.ru/products/open-compute.html","invalidateInfo":{"tags":["interception","CONFIG"],"mode":"matchingTag"}} []
[2019-01-22 15:16:25] main.DEBUG: cache_invalidate:  {"method":"GET","url":"http://murata-ps.sk-its.ru/uqq-24-4-q12p-c.html","invalidateInfo":{"tags":["interception","CONFIG"],"mode":"matchingTag"}} []
[2019-01-22 15:16:30] main.DEBUG: cache_invalidate:  {"method":"GET","url":"http://power.sk-its.ru/robots.txt","invalidateInfo":{"tags":["interception","CONFIG"],"mode":"matchingTag"}} []
[2019-01-22 15:16:31] main.DEBUG: cache_invalidate:  {"method":"GET","url":"http://wireless.sk-its.ru/robots.txt","invalidateInfo":{"tags":["interception","CONFIG"],"mode":"matchingTag"}} []
[2019-01-22 15:16:34] main.DEBUG: cache_invalidate:  {"method":"GET","url":"http://murata-ps.sk-its.ru/contactus.html","invalidateInfo":{"tags":["interception","CONFIG"],"mode":"matchingTag"}} []
[2019-01-22 15:16:36] main.DEBUG: cache_invalidate:  {"method":"GET","url":"http://murata-ps.sk-its.ru/robots.txt","invalidateInfo":{"tags":["interception","CONFIG"],"mode":"matchingTag"}} []
[2019-01-22 15:51:02] main.DEBUG: cache_invalidate:  {"method":"GET","url":"http://power.sk-its.ru/robots.txt","invalidateInfo":{"tags":["interception","CONFIG"],"mode":"matchingTag"}} []
[2019-01-23 00:34:27] main.DEBUG: cache_invalidate:  {"method":"GET","url":"http://murata-ps.sk-its.ru/news/new-products/3856","invalidateInfo":{"tags":["interception","CONFIG"],"mode":"matchingTag"}} []
[2019-01-23 00:34:28] main.DEBUG: cache_invalidate:  {"method":"GET","url":"http://murata-ps.sk-its.ru/","invalidateInfo":{"tags":["interception","CONFIG"],"mode":"matchingTag"}} []
[2019-01-23 00:34:35] main.DEBUG: cache_invalidate:  {"method":"GET","url":"http://murata-ps.sk-its.ru/","invalidateInfo":{"tags":["interception","CONFIG"],"mode":"matchingTag"}} []
[2019-01-23 00:34:39] main.DEBUG: cache_invalidate:  {"method":"GET","url":"http://murata-ps.sk-its.ru/","invalidateInfo":{"tags":["interception","CONFIG"],"mode":"matchingTag"}} []
[2019-01-23 00:35:12] main.DEBUG: cache_invalidate:  {"method":"GET","url":"http://murata-ps.sk-its.ru/products/digital-panel-meters.html","invalidateInfo":{"tags":["interception","CONFIG"],"mode":"matchingTag"}} []
[2019-01-23 00:47:51] main.DEBUG: cache_invalidate:  {"method":"GET","url":"http://murata-ps.sk-its.ru/news/category/new-products","invalidateInfo":{"tags":["interception","CONFIG"],"mode":"matchingTag"}} []
[2019-01-23 00:49:20] main.DEBUG: cache_invalidate:  {"method":"GET","url":"http://murata-ps.sk-its.ru/products/magnetics.html","invalidateInfo":{"tags":["interception","CONFIG"],"mode":"matchingTag"}} []
[2019-01-23 01:37:58] main.DEBUG: cache_invalidate:  {"method":"GET","url":"http://murata-ps.sk-its.ru/acm3p-4-ac1-r-c.html","invalidateInfo":{"tags":["interception","CONFIG"],"mode":"matchingTag"}} []
[2019-01-23 01:37:59] main.DEBUG: cache_invalidate:  {"method":"GET","url":"http://wireless.sk-its.ru/robots.txt","invalidateInfo":{"tags":["interception","CONFIG"],"mode":"matchingTag"}} []
[2019-01-23 01:38:46] main.DEBUG: cache_invalidate:  {"method":"GET","url":"http://murata-ps.sk-its.ru/products/magnetics/common-mode-chokes.html","invalidateInfo":{"tags":["interception","CONFIG"],"mode":"matchingTag"}} []
[2019-01-23 01:49:52] main.DEBUG: cache_invalidate:  {"method":"GET","url":"http://murata-ps.sk-its.ru/products/digital-panel-meters/safety-certifications.html","invalidateInfo":{"tags":["interception","CONFIG"],"mode":"matchingTag"}} []
[2019-01-23 03:31:24] main.DEBUG: cache_invalidate:  {"method":"GET","url":"http://power.sk-its.ru/mgj6q24p24mc.html","invalidateInfo":{"tags":["interception","CONFIG"],"mode":"matchingTag"}} []
